Arguments: 
  C:\Program Files\nodejs\node.exe C:\Users\Roman_Zheleznov\AppData\Roaming\npm\node_modules\yarn\bin\yarn.js add TypeDoc

PATH: 
  C:\Projects\PERSONAL\engine\node_modules\.bin;C:\Program Files\Java\jdk1.8.0_211\jre\bin;C:\Program Files\Java\jdk1.8.0_211\jre\bin\server;C:\Program Files (x86)\Common Files\Oracle\Java\javapath;C:\WINDOWS\system32;C:\WINDOWS;C:\WINDOWS\System32\Wbem;C:\WINDOWS\System32\WindowsPowerShell\v1.0\;C:\WINDOWS\System32\OpenSSH\;C:\Program Files\TortoiseSVN\bin;C:\Program Files\Git\cmd;C:\Users\Roman_Zheleznov\AppData\Roaming\nvm;C:\Program Files\nodejs;%JAVA_HOME%;C:\Users\Roman_Zheleznov\AppData\Local\Microsoft\WindowsApps;C:\Users\Roman_Zheleznov\AppData\Roaming\npm;C:\Users\Roman_Zheleznov\AppData\Local\Programs\Microsoft VS Code\bin;C:\Users\Roman_Zheleznov\AppData\Roaming\nvm;C:\Program Files\nodejs;C:\Program Files\apache-maven-3.6.1\bin;C:\Program Files\Java\jdk1.8.0_211;

Yarn version: 
  1.16.0

Node version: 
  12.4.0

Platform: 
  win32 x64

Trace: 
  Error: https://registry.yarnpkg.com/TypeDoc: Not found
      at Request.params.callback [as _callback] (C:\Users\Roman_Zheleznov\AppData\Roaming\npm\node_modules\yarn\lib\cli.js:66091:18)
      at Request.self.callback (C:\Users\Roman_Zheleznov\AppData\Roaming\npm\node_modules\yarn\lib\cli.js:129590:22)
      at Request.emit (events.js:200:13)
      at Request.<anonymous> (C:\Users\Roman_Zheleznov\AppData\Roaming\npm\node_modules\yarn\lib\cli.js:130562:10)
      at Request.emit (events.js:200:13)
      at IncomingMessage.<anonymous> (C:\Users\Roman_Zheleznov\AppData\Roaming\npm\node_modules\yarn\lib\cli.js:130484:12)
      at Object.onceWrapper (events.js:288:20)
      at IncomingMessage.emit (events.js:205:15)
      at endReadableNT (_stream_readable.js:1154:12)
      at processTicksAndRejections (internal/process/task_queues.js:84:9)

npm manifest: 
  {
    "name": "engine",
    "version": "1.0.0",
    "description": "Game Engine project",
    "main": "index.js",
    "author": "Roman Zheleznov",
    "license": "MIT",
    "scripts": {
      "start": "parcel ./index.html",
      "build": "parcel ./src/main.js"
    },
    "dependencies": {
      "typescript": "^3.4.5"
    }
  }

yarn manifest: 
  No manifest

Lockfile: 
  # THIS IS AN AUTOGENERATED FILE. DO NOT EDIT THIS FILE DIRECTLY.
  # yarn lockfile v1
  
  
  typescript@^3.4.5:
    version "3.4.5"
    resolved "https://registry.yarnpkg.com/typescript/-/typescript-3.4.5.tgz#2d2618d10bb566572b8d7aad5180d84257d70a99"
    integrity sha512-YycBxUb49UUhdNMU5aJ7z5Ej2XGmaIBL0x34vZ82fn3hGvD+bgrMrVDpatgz2f7YxUMJxMkbWxJZeAvDxVe7Vw==
